INFO [2023-03-20 20:48:39] $fill
INFO [2023-03-20 20:48:39] [1] "#b3dbdc" "#fbb2c9"
INFO [2023-03-20 20:48:39] 
INFO [2023-03-20 20:48:39] $col
INFO [2023-03-20 20:48:39] [1] "#D55E00" "#0072B2"
INFO [2023-03-20 20:48:39] 
INFO [2023-03-20 20:48:39] $cat.col
INFO [2023-03-20 20:48:39] [1] "#D55E00" "#0072B2"
INFO [2023-03-20 20:48:39] 
INFO [2023-03-20 20:48:39] $cex
INFO [2023-03-20 20:48:39] [1] 3
INFO [2023-03-20 20:48:39] 
INFO [2023-03-20 20:48:39] $cat.cex
INFO [2023-03-20 20:48:39] [1] 2.5
INFO [2023-03-20 20:48:39] 
INFO [2023-03-20 20:48:39] $margin
INFO [2023-03-20 20:48:39] [1] 0.1
INFO [2023-03-20 20:48:39] 
INFO [2023-03-20 20:48:39] $cat.fontface
INFO [2023-03-20 20:48:39] [1] "plain"
INFO [2023-03-20 20:48:39] 
INFO [2023-03-20 20:48:39] $cat.fontfamily
INFO [2023-03-20 20:48:39] [1] "serif"
INFO [2023-03-20 20:48:39] 
INFO [2023-03-20 20:48:39] $x
INFO [2023-03-20 20:48:39] $x$P9_1
INFO [2023-03-20 20:48:39]    [1] 1577 1578 1579 1580 1581 1582 1583 1584 1585 1586 1587 1588 1589 1590
INFO [2023-03-20 20:48:39]   [15] 1591 1592 1593 1594 1595 1596 1597 1598 1599 1600 1601 1602 1603 1604
INFO [2023-03-20 20:48:39]   [29] 1605 1606 1607 1608 1609 1610 1611 1612 1613 1614 1615 1616 1617 1618
INFO [2023-03-20 20:48:39]   [43] 1619 1620 1621 1622 1623 1624 1625 1626 1627 1628 1629 1630 1631 1632
INFO [2023-03-20 20:48:39]   [57] 1633 1634 1635 1636 1637 1638 1639 1640 1641 1642 1643 1644 1645 1646
INFO [2023-03-20 20:48:39]   [71] 1647 1648 1649 1650 1651 1652 1653 1654 1655 1656 1657 1658 1659 1660
INFO [2023-03-20 20:48:39]   [85] 1661 1662 1663 1664 1665 1666 1667 1668 1669 1670 1671 1672 1673 1674
INFO [2023-03-20 20:48:39]   [99] 1675 1676 1677 1678 1679 1680 1681 1682 1683 1684 1685 1686 1687 1688
INFO [2023-03-20 20:48:39]  [113] 1689 1690 1691 1692 1693 1694 1695 1696 1697 1698 1699 1700 1701 1702
INFO [2023-03-20 20:48:39]  [127] 1703 1704 1705 1706 1707 1708 1709 1710 1711 1712 1713 1714 1715 1716
INFO [2023-03-20 20:48:39]  [141] 1717 1718 1719 1720 1721 1722 1723 1724 1725 1726 1727 1728 1729 1730
INFO [2023-03-20 20:48:39]  [155] 1731 1732 1733 1734 1735 1736 1737 1738 1739 1740 1741 1742 1743 1744
INFO [2023-03-20 20:48:39]  [169] 1745 1746 1747 1748 1749 1750 1751 1752 1753 1754 1755 1756 1757 1758
INFO [2023-03-20 20:48:39]  [183] 1759 1760 1761 1762 1763 1764 1765 1766 1767 1768 1769 1770 1771 1772
INFO [2023-03-20 20:48:39]  [197] 1773 1774 1775 1776 1777 1778 1779 1780 1781 1782 1783 1784 1785 1786
INFO [2023-03-20 20:48:39]  [211] 1787 1788 1789 1790 1791 1792 1793 1794 1795 1796 1797 1798 1799 1800
INFO [2023-03-20 20:48:39]  [225] 1801 1802 1803 1804 1805 1806 1807 1808 1809 1810 1811 1812 1813 1814
INFO [2023-03-20 20:48:39]  [239] 1815 1816 1817 1818 1819 1820 1821 1822 1823 1824 1825 1826 1827 1828
INFO [2023-03-20 20:48:39]  [253] 1829 1830 1831 1832 1833 1834 1835 1836 1837 1838 1839 1840 1841 1842
INFO [2023-03-20 20:48:39]  [267] 1843 1844 1845 1846 1847 1848 1849 1850 1851 1852 1853 1854 1855 1856
INFO [2023-03-20 20:48:39]  [281] 1857 1858 1859 1860 1861 1862 1863 1864 1865 1866 1867 1868 1869 1870
INFO [2023-03-20 20:48:39]  [295] 1871 1872 1873 1874 1875 1876 1877 1878 1879 1880 1881 1882 1883 1884
INFO [2023-03-20 20:48:39]  [309] 1885 1886 1887 1888 1889 1890 1891 1892 1893 1894 1895 1896 1897 1898
INFO [2023-03-20 20:48:39]  [323] 1899 1900 1901 1902 1903 1904 1905 1906 1907 1908 1909 1910 1911 1912
INFO [2023-03-20 20:48:39]  [337] 1913 1914 1915 1916 1917 1918 1919 1920 1921 1922 1923 1924 1925 1926
INFO [2023-03-20 20:48:39]  [351] 1927 1928 1929 1930 1931 1932 1933 1934 1935 1936 1937 1938 1939 1940
INFO [2023-03-20 20:48:39]  [365] 1941 1942 1943 1944 1945 1946 1947 1948 1949 1950 1951 1952 1953 1954
INFO [2023-03-20 20:48:39]  [379] 1955 1956 1957 1958 1959 1960 1961 1962 1963 1964 1965 1966 1967 1968
INFO [2023-03-20 20:48:39]  [393] 1969 1970 1971 1972 1973 1974 1975 1976 1977 1978 1979 1980 1981 1982
INFO [2023-03-20 20:48:39]  [407] 1983 1984 1985 1986 1987 1988 1989 1990 1991 1992 1993 1994 1995 1996
INFO [2023-03-20 20:48:39]  [421] 1997 1998 1999 2000 2001 2002 2003 2004 2005 2006 2007 2008 2009 2010
INFO [2023-03-20 20:48:39]  [435] 2011 2012 2013 2014 2015 2016 2017 2018 2019 2020 2021 2022 2023 2024
INFO [2023-03-20 20:48:39]  [449] 2025 2026 2027 2028 2029 2030 2031 2032 2033 2034 2035 2036 2037 2038
INFO [2023-03-20 20:48:39]  [463] 2039 2040 2041 2042 2043 2044 2045 2046 2047 2048 2049 2050 2051 2052
INFO [2023-03-20 20:48:39]  [477] 2053 2054 2055 2056 2057 2058 2059 2060 2061 2062 2063 2064 2065 2066
INFO [2023-03-20 20:48:39]  [491] 2067 2068 2069 2070 2071 2072 2073 2074 2075 2076 2077 2078 2079 2080
INFO [2023-03-20 20:48:39]  [505] 2081 2082 2083 2084 2085 2086 2087 2088 2089 2090 2091 2092 2093 2094
INFO [2023-03-20 20:48:39]  [519] 2095 2096 2097 2098 2099 2100 2101 2102 2103 2104 2105 2106 2107 2108
INFO [2023-03-20 20:48:39]  [533] 2109 2110 2111 2112 2113 2114 2115 2116 2117 2118 2119 2120 2121 2122
INFO [2023-03-20 20:48:39]  [547] 2123 2124 2125 2126 2127 2128 2129 2130 2131 2132 2133 2134 2135 2136
INFO [2023-03-20 20:48:39]  [561] 2137 2138 2139 2140 2141 2142 2143 2144 2145 2146 2147 2148 2149 2150
INFO [2023-03-20 20:48:39]  [575] 2151 2152 2153 2154 2155 2156 2157 2158 2159 2160 2161 2162 2163 2164
INFO [2023-03-20 20:48:39]  [589] 2165 2166 2167 2168 2169 2170 2171 2172 2173 2174 2175 2176 2177 2178
INFO [2023-03-20 20:48:39]  [603] 2179 2180 2181 2182 2183 2184 2185 2186 2187 2188 2189 2190 2191 2192
INFO [2023-03-20 20:48:39]  [617] 2193 2194 2195 2196 2197 2198 2199 2200 2201 2202 2203 2204 2205 2206
INFO [2023-03-20 20:48:39]  [631] 2207 2208 2209 2210 2211 2212 2213 2214 2215 2216 2217 2218 2219 2220
INFO [2023-03-20 20:48:39]  [645] 2221 2222 2223 2224 2225 2226 2227 2228 2229 2230 2231 2232 2233 2234
INFO [2023-03-20 20:48:39]  [659] 2235 2236 2237 2238 2239 2240 2241 2242 2243 2244 2245 2246 2247 2248
INFO [2023-03-20 20:48:39]  [673] 2249 2250 2251 2252 2253 2254 2255 2256 2257 2258 2259 2260 2261 2262
INFO [2023-03-20 20:48:39]  [687] 2263 2264 2265 2266 2267 2268 2269 2270 2271 2272 2273 2274 2275 2276
INFO [2023-03-20 20:48:39]  [701] 2277 2278 2279 2280 2281 2282 2283 2284 2285 2286 2287 2288 2289 2290
INFO [2023-03-20 20:48:39]  [715] 2291 2292 2293 2294 2295 2296 2297 2298 2299 2300 2301 2302 2303 2304
INFO [2023-03-20 20:48:39]  [729] 2305 2306 2307 2308 2309 2310 2311 2312 2313 2314 2315 2316 2317 2318
INFO [2023-03-20 20:48:39]  [743] 2319 2320 2321 2322 2323 2324 2325 2326 2327 2328 2329 2330 2331 2332
INFO [2023-03-20 20:48:39]  [757] 2333 2334 2335 2336 2337 2338 2339 2340 2341 2342 2343 2344 2345 2346
INFO [2023-03-20 20:48:39]  [771] 2347 2348 2349 2350 2351 2352 2353 2354 2355 2356 2357 2358 2359 2360
INFO [2023-03-20 20:48:39]  [785] 2361 2362 2363 2364 2365 2366 2367 2368 2369 2370 2371 2372 2373 2374
INFO [2023-03-20 20:48:39]  [799] 2375 2376 2377 2378 2379 2380 2381 2382 2383 2384 2385 2386 2387 2388
INFO [2023-03-20 20:48:39]  [813] 2389 2390 2391 2392 2393 2394 2395 2396 2397 2398 2399 2400 2401 2402
INFO [2023-03-20 20:48:39]  [827] 2403 2404 2405 2406 2407 2408 2409 2410 2411 2412 2413 2414 2415 2416
INFO [2023-03-20 20:48:39]  [841] 2417 2418 2419 2420 2421 2422 2423 2424 2425 2426 2427 2428 2429 2430
INFO [2023-03-20 20:48:39]  [855] 2431 2432 2433 2434 2435 2436 2437 2438 2439 2440 2441 2442 2443 2444
INFO [2023-03-20 20:48:39]  [869] 2445 2446 2447 2448 2449 2450 2451 2452 2453 2454 2455 2456 2457 2458
INFO [2023-03-20 20:48:39]  [883] 2459 2460 2461 2462 2463 2464 2465 2466 2467 2468 2469 2470 2471 2472
INFO [2023-03-20 20:48:39]  [897] 2473 2474 2475 2476 2477 2478 2479 2480 2481 2482 2483 2484 2485 2486
INFO [2023-03-20 20:48:39]  [911] 2487 2488 2489 2490 2491 2492 2493 2494 2495 2496 2497 2498 2499 2500
INFO [2023-03-20 20:48:39]  [925] 2501 2502 2503 2504 2505 2506 2507 2508 2509 2510 2511 2512 2513 2514
INFO [2023-03-20 20:48:39]  [939] 2515 2516 2517 2518 2519 2520 2521 2522 2523 2524 2525 2526 2527 2528
INFO [2023-03-20 20:48:39]  [953] 2529 2530 2531 2532 2533 2534 2535 2536 2537 2538 2539 2540 2541 2542
INFO [2023-03-20 20:48:39]  [967] 2543 2544 2545 2546 2547 2548 2549 2550 2551 2552 2553 2554 2555 2556
INFO [2023-03-20 20:48:39]  [981] 2557 2558 2559 2560 2561 2562 2563 2564 2565 2566 2567 2568 2569 2570
INFO [2023-03-20 20:48:39]  [995] 2571 2572 2573 2574 2575 2576
INFO [2023-03-20 20:48:39]  [ reached getOption("max.print") -- omitted 993 entries ]
INFO [2023-03-20 20:48:39] 
INFO [2023-03-20 20:48:39] $x$P9_2
INFO [2023-03-20 20:48:39]    [1]    1    2    3    4    5    6    7    8    9   10   11   12   13   14
INFO [2023-03-20 20:48:39]   [15]   15   16   17   18   19   20   21   22   23   24   25   26   27   28
INFO [2023-03-20 20:48:39]   [29]   29   30   31   32   33   34   35   36   37   38   39   40   41   42
INFO [2023-03-20 20:48:39]   [43]   43   44   45   46   47   48   49   50   51   52   53   54   55   56
INFO [2023-03-20 20:48:39]   [57]   57   58   59   60   61   62   63   64   65   66   67   68   69   70
INFO [2023-03-20 20:48:39]   [71]   71   72   73   74   75   76   77   78   79   80   81   82   83   84
INFO [2023-03-20 20:48:39]   [85]   85   86   87   88   89   90   91   92   93   94   95   96   97   98
INFO [2023-03-20 20:48:39]   [99]   99  100  101  102  103  104  105  106  107  108  109  110  111  112
INFO [2023-03-20 20:48:39]  [113]  113  114  115  116  117  118  119  120  121  122  123  124  125  126
INFO [2023-03-20 20:48:39]  [127]  127  128  129  130  131  132  133  134  135  136  137  138  139  140
INFO [2023-03-20 20:48:39]  [141]  141  142  143  144  145  146  147  148  149  150  151  152  153  154
INFO [2023-03-20 20:48:39]  [155]  155  156  157  158  159  160  161  162  163  164  165  166  167  168
INFO [2023-03-20 20:48:39]  [169]  169  170  171  172  173  174  175  176  177  178  179  180  181  182
INFO [2023-03-20 20:48:39]  [183]  183  184  185  186  187  188  189  190  191  192  193  194  195  196
INFO [2023-03-20 20:48:39]  [197]  197  198  199  200  201  202  203  204  205  206  207  208  209  210
INFO [2023-03-20 20:48:39]  [211]  211  212  213  214  215  216  217  218  219  220  221  222  223  224
INFO [2023-03-20 20:48:39]  [225]  225  226  227  228  229  230  231  232  233  234  235  236  237  238
INFO [2023-03-20 20:48:39]  [239]  239  240  241  242  243  244  245  246  247  248  249  250  251  252
INFO [2023-03-20 20:48:39]  [253]  253  254  255  256  257  258  259  260  261  262  263  264  265  266
INFO [2023-03-20 20:48:39]  [267]  267  268  269  270  271  272  273  274  275  276  277  278  279  280
INFO [2023-03-20 20:48:39]  [281]  281  282  283  284  285  286  287  288  289  290  291  292  293  294
INFO [2023-03-20 20:48:39]  [295]  295  296  297  298  299  300  301  302  303  304  305  306  307  308
INFO [2023-03-20 20:48:39]  [309]  309  310  311  312  313  314  315  316  317  318  319  320  321  322
INFO [2023-03-20 20:48:39]  [323]  323  324  325  326  327  328  329  330  331  332  333  334  335  336
INFO [2023-03-20 20:48:39]  [337]  337  338  339  340  341  342  343  344  345  346  347  348  349  350
INFO [2023-03-20 20:48:39]  [351]  351  352  353  354  355  356  357  358  359  360  361  362  363  364
INFO [2023-03-20 20:48:39]  [365]  365  366  367  368  369  370  371  372  373  374  375  376  377  378
INFO [2023-03-20 20:48:39]  [379]  379  380  381  382  383  384  385  386  387  388  389  390  391  392
INFO [2023-03-20 20:48:39]  [393]  393  394  395  396  397  398  399  400  401  402  403  404  405  406
INFO [2023-03-20 20:48:39]  [407]  407  408  409  410  411  412  413  414  415  416  417  418  419  420
INFO [2023-03-20 20:48:39]  [421]  421  422  423  424  425  426  427  428  429  430  431  432  433  434
INFO [2023-03-20 20:48:39]  [435]  435  436  437  438  439  440  441  442  443  444  445  446  447  448
INFO [2023-03-20 20:48:39]  [449]  449  450  451  452  453  454  455  456  457  458  459  460  461  462
INFO [2023-03-20 20:48:39]  [463]  463  464  465  466  467  468  469  470  471  472  473  474  475  476
INFO [2023-03-20 20:48:39]  [477]  477  478  479  480  481  482  483  484  485  486  487  488  489  490
INFO [2023-03-20 20:48:39]  [491]  491  492  493  494  495  496  497  498  499  500  501  502  503  504
INFO [2023-03-20 20:48:39]  [505]  505  506  507  508  509  510  511  512  513  514  515  516  517  518
INFO [2023-03-20 20:48:39]  [519]  519  520  521  522  523  524  525  526  527  528  529  530  531  532
INFO [2023-03-20 20:48:39]  [533]  533  534  535  536  537  538  539  540  541  542  543  544  545  546
INFO [2023-03-20 20:48:39]  [547]  547  548  549  550  551  552  553  554  555  556  557  558  559  560
INFO [2023-03-20 20:48:39]  [561]  561  562  563  564  565  566  567  568  569  570  571  572  573  574
INFO [2023-03-20 20:48:39]  [575]  575  576  577  578  579  580  581  582  583  584  585  586  587  588
INFO [2023-03-20 20:48:39]  [589]  589  590  591  592  593  594  595  596  597  598  599  600  601  602
INFO [2023-03-20 20:48:39]  [603]  603  604  605  606  607  608  609  610  611  612  613  614  615  616
INFO [2023-03-20 20:48:39]  [617]  617  618  619  620  621  622  623  624  625  626  627  628  629  630
INFO [2023-03-20 20:48:39]  [631]  631  632  633  634  635  636  637  638  639  640  641  642  643  644
INFO [2023-03-20 20:48:39]  [645]  645  646  647  648  649  650  651  652  653  654  655  656  657  658
INFO [2023-03-20 20:48:39]  [659]  659  660  661  662  663  664  665  666  667  668  669  670  671  672
INFO [2023-03-20 20:48:39]  [673]  673  674  675  676  677  678  679  680  681  682  683  684  685  686
INFO [2023-03-20 20:48:39]  [687]  687  688  689  690  691  692  693  694  695  696  697  698  699  700
INFO [2023-03-20 20:48:39]  [701]  701  702  703  704  705  706  707  708  709  710  711  712  713  714
INFO [2023-03-20 20:48:39]  [715]  715  716  717  718  719  720  721  722  723  724  725  726  727  728
INFO [2023-03-20 20:48:39]  [729]  729  730  731  732  733  734  735  736  737  738  739  740  741  742
INFO [2023-03-20 20:48:39]  [743]  743  744  745  746  747  748  749  750  751  752  753  754  755  756
INFO [2023-03-20 20:48:39]  [757]  757  758  759  760  761  762  763  764  765  766  767  768  769  770
INFO [2023-03-20 20:48:39]  [771]  771  772  773  774  775  776  777  778  779  780  781  782  783  784
INFO [2023-03-20 20:48:39]  [785]  785  786  787  788  789  790  791  792  793  794  795  796  797  798
INFO [2023-03-20 20:48:39]  [799]  799  800  801  802  803  804  805  806  807  808  809  810  811  812
INFO [2023-03-20 20:48:39]  [813]  813  814  815  816  817  818  819  820  821  822  823  824  825  826
INFO [2023-03-20 20:48:39]  [827]  827  828  829  830  831  832  833  834  835  836  837  838  839  840
INFO [2023-03-20 20:48:39]  [841]  841  842  843  844  845  846  847  848  849  850  851  852  853  854
INFO [2023-03-20 20:48:39]  [855]  855  856  857  858  859  860  861  862  863  864  865  866  867  868
INFO [2023-03-20 20:48:39]  [869]  869  870  871  872  873  874  875  876  877  878  879  880  881  882
INFO [2023-03-20 20:48:39]  [883]  883  884  885  886  887  888  889  890  891  892  893  894  895  896
INFO [2023-03-20 20:48:39]  [897]  897  898  899  900  901  902  903  904  905  906  907  908  909  910
INFO [2023-03-20 20:48:39]  [911]  911  912  913  914  915  916  917  918  919  920  921  922  923  924
INFO [2023-03-20 20:48:39]  [925]  925  926  927  928  929  930  931  932  933  934  935  936  937  938
INFO [2023-03-20 20:48:39]  [939]  939  940  941  942  943  944  945  946  947  948  949  950  951  952
INFO [2023-03-20 20:48:39]  [953]  953  954  955  956  957  958  959  960  961  962  963  964  965  966
INFO [2023-03-20 20:48:39]  [967]  967  968  969  970  971  972  973  974  975  976  977  978  979  980
INFO [2023-03-20 20:48:39]  [981]  981  982  983  984  985  986  987  988  989  990  991  992  993  994
INFO [2023-03-20 20:48:39]  [995]  995  996  997  998  999 1000
INFO [2023-03-20 20:48:39]  [ reached getOption("max.print") -- omitted 2034 entries ]
INFO [2023-03-20 20:48:39] 
INFO [2023-03-20 20:48:39] 
INFO [2023-03-20 20:48:39] $filename
INFO [2023-03-20 20:48:39] NULL
INFO [2023-03-20 20:48:39] 
